# JRE version: OpenJDK Runtime Environment (8.0_212-b03) (build 1.8.0_212-8u212-b03-0ubuntu1.18.04.1-b03)
# Java VM: OpenJDK 64-Bit Server VM (25.212-b03 mixed mode linux-amd64 compressed oops)
Heap:
 PSYoungGen      total 418816K, used 26248K [0x00000000d7200000, 0x0000000100000000, 0x0000000100000000)
  eden space 219136K, 0% used [0x00000000d7200000,0x00000000d7200000,0x00000000e4800000)
  from space 199680K, 13% used [0x00000000e4800000,0x00000000e61a2308,0x00000000f0b00000)
  to   space 215040K, 0% used [0x00000000f2e00000,0x00000000f2e00000,0x0000000100000000)
 ParOldGen       total 432128K, used 432058K [0x0000000085600000, 0x000000009fc00000, 0x00000000d7200000)
  object space 432128K, 99% used [0x0000000085600000,0x000000009fbeeaa8,0x000000009fc00000)
 Metaspace       used 22283K, capacity 23014K, committed 23168K, reserved 1069056K
  class space    used 2673K, capacity 2873K, committed 2944K, reserved 1048576K
GC Heap History (10 events):
Event: 4.890 GC heap after
Heap after GC invocations=12 (full 2):
 PSYoungGen      total 320512K, used 96384K [0x00000000d7200000, 0x00000000f4100000, 0x0000000100000000)
  eden space 217088K, 0% used [0x00000000d7200000,0x00000000d7200000,0x00000000e4600000)
  from space 103424K, 93% used [0x00000000edc00000,0x00000000f3a201e0,0x00000000f4100000)
  to   space 128512K, 0% used [0x00000000e4600000,0x00000000e4600000,0x00000000ec380000)
 ParOldGen       total 254464K, used 153740K [0x0000000085600000, 0x0000000094e80000, 0x00000000d7200000)
  object space 254464K, 60% used [0x0000000085600000,0x000000008ec232f0,0x0000000094e80000)
 Metaspace       used 15765K, capacity 15942K, committed 16256K, reserved 1062912K
  class space    used 1803K, capacity 1871K, committed 1920K, reserved 1048576K
}
Event: 8.447 GC heap before
{Heap before GC invocations=13 (full 2):
 PSYoungGen      total 320512K, used 313472K [0x00000000d7200000, 0x00000000f4100000, 0x0000000100000000)
  eden space 217088K, 100% used [0x00000000d7200000,0x00000000e4600000,0x00000000e4600000)
  from space 103424K, 93% used [0x00000000edc00000,0x00000000f3a201e0,0x00000000f4100000)
  to   space 128512K, 0% used [0x00000000e4600000,0x00000000e4600000,0x00000000ec380000)
 ParOldGen       total 254464K, used 153740K [0x0000000085600000, 0x0000000094e80000, 0x00000000d7200000)
  object space 254464K, 60% used [0x0000000085600000,0x000000008ec232f0,0x0000000094e80000)
 Metaspace       used 22277K, capacity 23022K, committed 23168K, reserved 1069056K
  class space    used 2674K, capacity 2875K, committed 2944K, reserved 1048576K
Event: 8.546 GC heap after
Heap after GC invocations=13 (full 2):
 PSYoungGen      total 345600K, used 115422K [0x00000000d7200000, 0x00000000f9900000, 0x0000000100000000)
  eden space 217088K, 0% used [0x00000000d7200000,0x00000000d7200000,0x00000000e4600000)
  from space 128512K, 89% used [0x00000000e4600000,0x00000000eb6b7978,0x00000000ec380000)
  to   space 145408K, 0% used [0x00000000f0b00000,0x00000000f0b00000,0x00000000f9900000)
 ParOldGen       total 254464K, used 195268K [0x0000000085600000, 0x0000000094e80000, 0x00000000d7200000)
  object space 254464K, 76% used [0x0000000085600000,0x00000000914b13e0,0x0000000094e80000)
 Metaspace       used 22277K, capacity 23022K, committed 23168K, reserved 1069056K
  class space    used 2674K, capacity 2875K, committed 2944K, reserved 1048576K
}
Event: 8.832 GC heap before
{Heap before GC invocations=14 (full 2):
 PSYoungGen      total 345600K, used 332510K [0x00000000d7200000, 0x00000000f9900000, 0x0000000100000000)
  eden space 217088K, 100% used [0x00000000d7200000,0x00000000e4600000,0x00000000e4600000)
  from space 128512K, 89% used [0x00000000e4600000,0x00000000eb6b7978,0x00000000ec380000)
  to   space 145408K, 0% used [0x00000000f0b00000,0x00000000f0b00000,0x00000000f9900000)
 ParOldGen       total 254464K, used 195268K [0x0000000085600000, 0x0000000094e80000, 0x00000000d7200000)
  object space 254464K, 76% used [0x0000000085600000,0x00000000914b13e0,0x0000000094e80000)
 Metaspace       used 22286K, capacity 23022K, committed 23168K, reserved 1069056K
  class space    used 2674K, capacity 2875K, committed 2944K, reserved 1048576K
Event: 9.031 GC heap after
Heap after GC invocations=14 (full 2):
 PSYoungGen      total 364544K, used 145407K [0x00000000d7200000, 0x0000000100000000, 0x0000000100000000)
  eden space 219136K, 0% used [0x00000000d7200000,0x00000000d7200000,0x00000000e4800000)
  from space 145408K, 99% used [0x00000000f0b00000,0x00000000f98fffe8,0x00000000f9900000)
  to   space 199680K, 0% used [0x00000000e4800000,0x00000000e4800000,0x00000000f0b00000)
 ParOldGen       total 276480K, used 275853K [0x0000000085600000, 0x0000000096400000, 0x00000000d7200000)
  object space 276480K, 99% used [0x0000000085600000,0x00000000963634c0,0x0000000096400000)
 Metaspace       used 22286K, capacity 23022K, committed 23168K, reserved 1069056K
  class space    used 2674K, capacity 2875K, committed 2944K, reserved 1048576K
}
Event: 9.031 GC heap before
{Heap before GC invocations=15 (full 3):
 PSYoungGen      total 364544K, used 145407K [0x00000000d7200000, 0x0000000100000000, 0x0000000100000000)
  eden space 219136K, 0% used [0x00000000d7200000,0x00000000d7200000,0x00000000e4800000)
  from space 145408K, 99% used [0x00000000f0b00000,0x00000000f98fffe8,0x00000000f9900000)
  to   space 199680K, 0% used [0x00000000e4800000,0x00000000e4800000,0x00000000f0b00000)
 ParOldGen       total 276480K, used 275853K [0x0000000085600000, 0x0000000096400000, 0x00000000d7200000)
  object space 276480K, 99% used [0x0000000085600000,0x00000000963634c0,0x0000000096400000)
 Metaspace       used 22286K, capacity 23022K, committed 23168K, reserved 1069056K
  class space    used 2674K, capacity 2875K, committed 2944K, reserved 1048576K
Event: 10.894 GC heap after
Heap after GC invocations=15 (full 3):
 PSYoungGen      total 364544K, used 144145K [0x00000000d7200000, 0x0000000100000000, 0x0000000100000000)
  eden space 219136K, 0% used [0x00000000d7200000,0x00000000d7200000,0x00000000e4800000)
  from space 145408K, 99% used [0x00000000f0b00000,0x00000000f97c4410,0x00000000f9900000)
  to   space 199680K, 0% used [0x00000000e4800000,0x00000000e4800000,0x00000000f0b00000)
 ParOldGen       total 432128K, used 276029K [0x0000000085600000, 0x000000009fc00000, 0x00000000d7200000)
  object space 432128K, 63% used [0x0000000085600000,0x000000009638f700,0x000000009fc00000)
 Metaspace       used 22282K, capacity 23014K, committed 23168K, reserved 1069056K
  class space    used 2673K, capacity 2873K, committed 2944K, reserved 1048576K
}
Event: 11.176 GC heap before
{Heap before GC invocations=16 (full 3):
 PSYoungGen      total 364544K, used 363281K [0x00000000d7200000, 0x0000000100000000, 0x0000000100000000)
  eden space 219136K, 100% used [0x00000000d7200000,0x00000000e4800000,0x00000000e4800000)
  from space 145408K, 99% used [0x00000000f0b00000,0x00000000f97c4410,0x00000000f9900000)
  to   space 199680K, 0% used [0x00000000e4800000,0x00000000e4800000,0x00000000f0b00000)
 ParOldGen       total 432128K, used 276029K [0x0000000085600000, 0x000000009fc00000, 0x00000000d7200000)
  object space 432128K, 63% used [0x0000000085600000,0x000000009638f700,0x000000009fc00000)
 Metaspace       used 22283K, capacity 23014K, committed 23168K, reserved 1069056K
  class space    used 2673K, capacity 2873K, committed 2944K, reserved 1048576K
Event: 11.384 GC heap after
Heap after GC invocations=16 (full 3):
 PSYoungGen      total 418816K, used 148224K [0x00000000d7200000, 0x0000000100000000, 0x0000000100000000)
  eden space 219136K, 0% used [0x00000000d7200000,0x00000000d7200000,0x00000000e4800000)
  from space 199680K, 74% used [0x00000000e4800000,0x00000000ed8c02b0,0x00000000f0b00000)
  to   space 215040K, 0% used [0x00000000f2e00000,0x00000000f2e00000,0x0000000100000000)
 ParOldGen       total 432128K, used 348216K [0x0000000085600000, 0x000000009fc00000, 0x00000000d7200000)
  object space 432128K, 80% used [0x0000000085600000,0x000000009aa0e390,0x000000009fc00000)
 Metaspace       used 22283K, capacity 23014K, committed 23168K, reserved 1069056K
  class space    used 2673K, capacity 2873K, committed 2944K, reserved 1048576K
}
Event: 11.384 GC heap before
{Heap before GC invocations=17 (full 4):
 PSYoungGen      total 418816K, used 148224K [0x00000000d7200000, 0x0000000100000000, 0x0000000100000000)
  eden space 219136K, 0% used [0x00000000d7200000,0x00000000d7200000,0x00000000e4800000)
  from space 199680K, 74% used [0x00000000e4800000,0x00000000ed8c02b0,0x00000000f0b00000)
  to   space 215040K, 0% used [0x00000000f2e00000,0x00000000f2e00000,0x0000000100000000)
 ParOldGen       total 432128K, used 348216K [0x0000000085600000, 0x000000009fc00000, 0x00000000d7200000)
  object space 432128K, 80% used [0x0000000085600000,0x000000009aa0e390,0x000000009fc00000)
 Metaspace       used 22283K, capacity 23014K, committed 23168K, reserved 1069056K
  class space    used 2673K, capacity 2873K, committed 2944K, reserved 1048576K

